# JRE version: Java(TM) SE Runtime Environment (7.0_79-b15) (build 1.7.0_79-b15)
# Java VM: Java HotSpot(TM) 64-Bit Server VM (24.79-b02 mixed mode windows-amd64 compressed oops)
Heap
 PSYoungGen      total 278528K, used 52017K [0x00000007d5c00000, 0x00000007f2080000, 0x0000000800000000)
  eden space 260096K, 12% used [0x00000007d5c00000,0x00000007d7ccfc08,0x00000007e5a00000)
  from space 18432K, 99% used [0x00000007e5a00000,0x00000007e6bfc868,0x00000007e6c00000)
  to   space 23552K, 0% used [0x00000007f0980000,0x00000007f0980000,0x00000007f2080000)
 ParOldGen       total 86528K, used 17874K [0x0000000781400000, 0x0000000786880000, 0x00000007d5c00000)
  object space 86528K, 20% used [0x0000000781400000,0x0000000782574808,0x0000000786880000)
 PSPermGen       total 40448K, used 39978K [0x0000000761400000, 0x0000000763b80000, 0x0000000781400000)
  object space 40448K, 98% used [0x0000000761400000,0x0000000763b0a878,0x0000000763b80000)
GC Heap History (10 events):
Event: 2.425 GC heap before
{Heap before GC invocations=5 (full 0):
 PSYoungGen      total 71680K, used 71661K [0x00000007d5c00000, 0x00000007da700000, 0x0000000800000000)
  eden space 66560K, 100% used [0x00000007d5c00000,0x00000007d9d00000,0x00000007d9d00000)
  from space 5120K, 99% used [0x00000007da200000,0x00000007da6fb710,0x00000007da700000)
  to   space 5120K, 0% used [0x00000007d9d00000,0x00000007d9d00000,0x00000007da200000)
 ParOldGen       total 86528K, used 3443K [0x0000000781400000, 0x0000000786880000, 0x00000007d5c00000)
  object space 86528K, 3% used [0x0000000781400000,0x000000078175cc90,0x0000000786880000)
 PSPermGen       total 21504K, used 16871K [0x0000000761400000, 0x0000000762900000, 0x0000000781400000)
  object space 21504K, 78% used [0x0000000761400000,0x0000000762479c90,0x0000000762900000)
Event: 2.437 GC heap after
Heap after GC invocations=5 (full 0):
 PSYoungGen      total 71680K, used 5101K [0x00000007d5c00000, 0x00000007df300000, 0x0000000800000000)
  eden space 66560K, 0% used [0x00000007d5c00000,0x00000007d5c00000,0x00000007d9d00000)
  from space 5120K, 99% used [0x00000007d9d00000,0x00000007da1fb700,0x00000007da200000)
  to   space 10752K, 0% used [0x00000007de880000,0x00000007de880000,0x00000007df300000)
 ParOldGen       total 86528K, used 7721K [0x0000000781400000, 0x0000000786880000, 0x00000007d5c00000)
  object space 86528K, 8% used [0x0000000781400000,0x0000000781b8a5a0,0x0000000786880000)
 PSPermGen       total 21504K, used 16871K [0x0000000761400000, 0x0000000762900000, 0x0000000781400000)
  object space 21504K, 78% used [0x0000000761400000,0x0000000762479c90,0x0000000762900000)
}
Event: 2.907 GC heap before
{Heap before GC invocations=6 (full 0):
 PSYoungGen      total 71680K, used 71661K [0x00000007d5c00000, 0x00000007df300000, 0x0000000800000000)
  eden space 66560K, 100% used [0x00000007d5c00000,0x00000007d9d00000,0x00000007d9d00000)
  from space 5120K, 99% used [0x00000007d9d00000,0x00000007da1fb700,0x00000007da200000)
  to   space 10752K, 0% used [0x00000007de880000,0x00000007de880000,0x00000007df300000)
 ParOldGen       total 86528K, used 7721K [0x0000000781400000, 0x0000000786880000, 0x00000007d5c00000)
  object space 86528K, 8% used [0x0000000781400000,0x0000000781b8a5a0,0x0000000786880000)
 PSPermGen       total 21504K, used 21324K [0x0000000761400000, 0x0000000762900000, 0x0000000781400000)
  object space 21504K, 99% used [0x0000000761400000,0x00000007628d3030,0x0000000762900000)
Event: 2.932 GC heap after
Heap after GC invocations=6 (full 0):
 PSYoungGen      total 142848K, used 9285K [0x00000007d5c00000, 0x00000007df500000, 0x0000000800000000)
  eden space 132096K, 0% used [0x00000007d5c00000,0x00000007d5c00000,0x00000007ddd00000)
  from space 10752K, 86% used [0x00000007de880000,0x00000007df191490,0x00000007df300000)
  to   space 11776K, 0% used [0x00000007ddd00000,0x00000007ddd00000,0x00000007de880000)
 ParOldGen       total 86528K, used 7721K [0x0000000781400000, 0x0000000786880000, 0x00000007d5c00000)
  object space 86528K, 8% used [0x0000000781400000,0x0000000781b8a5a0,0x0000000786880000)
 PSPermGen       total 21504K, used 21324K [0x0000000761400000, 0x0000000762900000, 0x0000000781400000)
  object space 21504K, 99% used [0x0000000761400000,0x00000007628d3030,0x0000000762900000)
}
Event: 3.695 GC heap before
{Heap before GC invocations=7 (full 0):
 PSYoungGen      total 142848K, used 141381K [0x00000007d5c00000, 0x00000007df500000, 0x0000000800000000)
  eden space 132096K, 100% used [0x00000007d5c00000,0x00000007ddd00000,0x00000007ddd00000)
  from space 10752K, 86% used [0x00000007de880000,0x00000007df191490,0x00000007df300000)
  to   space 11776K, 0% used [0x00000007ddd00000,0x00000007ddd00000,0x00000007de880000)
 ParOldGen       total 86528K, used 7721K [0x0000000781400000, 0x0000000786880000, 0x00000007d5c00000)
  object space 86528K, 8% used [0x0000000781400000,0x0000000781b8a5a0,0x0000000786880000)
 PSPermGen       total 27136K, used 26797K [0x0000000761400000, 0x0000000762e80000, 0x0000000781400000)
  object space 27136K, 98% used [0x0000000761400000,0x0000000762e2b4e0,0x0000000762e80000)
Event: 3.747 GC heap after
Heap after GC invocations=7 (full 0):
 PSYoungGen      total 143872K, used 11755K [0x00000007d5c00000, 0x00000007e7a00000, 0x0000000800000000)
  eden space 132096K, 0% used [0x00000007d5c00000,0x00000007d5c00000,0x00000007ddd00000)
  from space 11776K, 99% used [0x00000007ddd00000,0x00000007de87ac10,0x00000007de880000)
  to   space 14336K, 0% used [0x00000007e6c00000,0x00000007e6c00000,0x00000007e7a00000)
 ParOldGen       total 86528K, used 8844K [0x0000000781400000, 0x0000000786880000, 0x00000007d5c00000)
  object space 86528K, 10% used [0x0000000781400000,0x0000000781ca3228,0x0000000786880000)
 PSPermGen       total 27136K, used 26797K [0x0000000761400000, 0x0000000762e80000, 0x0000000781400000)
  object space 27136K, 98% used [0x0000000761400000,0x0000000762e2b4e0,0x0000000762e80000)
}
Event: 4.509 GC heap before
{Heap before GC invocations=8 (full 0):
 PSYoungGen      total 143872K, used 143851K [0x00000007d5c00000, 0x00000007e7a00000, 0x0000000800000000)
  eden space 132096K, 100% used [0x00000007d5c00000,0x00000007ddd00000,0x00000007ddd00000)
  from space 11776K, 99% used [0x00000007ddd00000,0x00000007de87ac10,0x00000007de880000)
  to   space 14336K, 0% used [0x00000007e6c00000,0x00000007e6c00000,0x00000007e7a00000)
 ParOldGen       total 86528K, used 8844K [0x0000000781400000, 0x0000000786880000, 0x00000007d5c00000)
  object space 86528K, 10% used [0x0000000781400000,0x0000000781ca3228,0x0000000786880000)
 PSPermGen       total 34816K, used 34601K [0x0000000761400000, 0x0000000763600000, 0x0000000781400000)
  object space 34816K, 99% used [0x0000000761400000,0x00000007635ca608,0x0000000763600000)
Event: 4.568 GC heap after
Heap after GC invocations=8 (full 0):
 PSYoungGen      total 274432K, used 14319K [0x00000007d5c00000, 0x00000007e8200000, 0x0000000800000000)
  eden space 260096K, 0% used [0x00000007d5c00000,0x00000007d5c00000,0x00000007e5a00000)
  from space 14336K, 99% used [0x00000007e6c00000,0x00000007e79fbeb0,0x00000007e7a00000)
  to   space 18432K, 0% used [0x00000007e5a00000,0x00000007e5a00000,0x00000007e6c00000)
 ParOldGen       total 86528K, used 12614K [0x0000000781400000, 0x0000000786880000, 0x00000007d5c00000)
  object space 86528K, 14% used [0x0000000781400000,0x0000000782051bf0,0x0000000786880000)
 PSPermGen       total 34816K, used 34601K [0x0000000761400000, 0x0000000763600000, 0x0000000781400000)
  object space 34816K, 99% used [0x0000000761400000,0x00000007635ca608,0x0000000763600000)
}
Event: 5.945 GC heap before
{Heap before GC invocations=9 (full 0):
 PSYoungGen      total 274432K, used 274415K [0x00000007d5c00000, 0x00000007e8200000, 0x0000000800000000)
  eden space 260096K, 100% used [0x00000007d5c00000,0x00000007e5a00000,0x00000007e5a00000)
  from space 14336K, 99% used [0x00000007e6c00000,0x00000007e79fbeb0,0x00000007e7a00000)
  to   space 18432K, 0% used [0x00000007e5a00000,0x00000007e5a00000,0x00000007e6c00000)
 ParOldGen       total 86528K, used 12614K [0x0000000781400000, 0x0000000786880000, 0x00000007d5c00000)
  object space 86528K, 14% used [0x0000000781400000,0x0000000782051bf0,0x0000000786880000)
 PSPermGen       total 37888K, used 37805K [0x0000000761400000, 0x0000000763900000, 0x0000000781400000)
  object space 37888K, 99% used [0x0000000761400000,0x00000007638eb570,0x0000000763900000)
Event: 5.977 GC heap after
Heap after GC invocations=9 (full 0):
 PSYoungGen      total 278528K, used 18418K [0x00000007d5c00000, 0x00000007f2080000, 0x0000000800000000)
  eden space 260096K, 0% used [0x00000007d5c00000,0x00000007d5c00000,0x00000007e5a00000)
  from space 18432K, 99% used [0x00000007e5a00000,0x00000007e6bfc868,0x00000007e6c00000)
  to   space 23552K, 0% used [0x00000007f0980000,0x00000007f0980000,0x00000007f2080000)
 ParOldGen       total 86528K, used 17874K [0x0000000781400000, 0x0000000786880000, 0x00000007d5c00000)
  object space 86528K, 20% used [0x0000000781400000,0x0000000782574808,0x0000000786880000)
 PSPermGen       total 37888K, used 37805K [0x0000000761400000, 0x0000000763900000, 0x0000000781400000)
  object space 37888K, 99% used [0x0000000761400000,0x00000007638eb570,0x0000000763900000)
}

